<?xml version="1.0" encoding="UTF-8"?>
<testsuite xmlns:xsi="http://www.w3.org/2001/XMLSchema-instance" xsi:noNamespaceSchemaLocation="https://maven.apache.org/surefire/maven-surefire-plugin/xsd/surefire-test-report.xsd" name="com.epam.rd.servlets.expressioncalc.CalcServletTest" time="1.009" tests="9" errors="0" skipped="0" failures="0">
  <properties>
[...]
</properties>
  <testcase name="test001" classname="com.epam.rd.servlets.expressioncalc.CalcServletTest" time="0.271"/>
  <testcase name="test002" classname="com.epam.rd.servlets.expressioncalc.CalcServletTest" time="0.004"/>
  <testcase name="test003" classname="com.epam.rd.servlets.expressioncalc.CalcServletTest" time="0.005"/>
  <testcase name="test004" classname="com.epam.rd.servlets.expressioncalc.CalcServletTest" time="0.005"/>
  <testcase name="test005" classname="com.epam.rd.servlets.expressioncalc.CalcServletTest" time="0.005"/>
  <testcase name="test006" classname="com.epam.rd.servlets.expressioncalc.CalcServletTest" time="0.005"/>
  <testcase name="test007" classname="com.epam.rd.servlets.expressioncalc.CalcServletTest" time="0.004"/>
  <testcase name="test008" classname="com.epam.rd.servlets.expressioncalc.CalcServletTest" time="0.004"/>
  <testcase name="test009" classname="com.epam.rd.servlets.expressioncalc.CalcServletTest" time="0.005"/>
</testsuite>